C:\USERS\DANEL\DOCUMENTS\VISUAL STUDIO 2010\PROJECTS\ALLEGRIS 2\ALLEGRIS 2\DEBUG\ALLEGRIS 2.EXE.INTERMEDIATE.MANIFEST
C:\USERS\DANEL\DOCUMENTS\VISUAL STUDIO 2010\PROJECTS\ALLEGRIS 2\ALLEGRIS 2\DEBUG\ALLEGRIS 2.RES
C:\USERS\DANEL\DOCUMENTS\VISUAL STUDIO 2010\PROJECTS\ALLEGRIS 2\ALLEGRIS 2\DEBUG\ALLEGRIS.OBJ
C:\USERS\DANEL\DOCUMENTS\VISUAL STUDIO 2010\PROJECTS\ALLEGRIS 2\ALLEGRIS 2\DEBUG\BLOCK.OBJ
C:\USERS\DANEL\DOCUMENTS\VISUAL STUDIO 2010\PROJECTS\ALLEGRIS 2\ALLEGRIS 2\DEBUG\BLOCK_L.OBJ
C:\USERS\DANEL\DOCUMENTS\VISUAL STUDIO 2010\PROJECTS\ALLEGRIS 2\ALLEGRIS 2\DEBUG\BLOCKLINE.OBJ
C:\USERS\DANEL\DOCUMENTS\VISUAL STUDIO 2010\PROJECTS\ALLEGRIS 2\ALLEGRIS 2\DEBUG\BLOCKPART.OBJ
C:\USERS\DANEL\DOCUMENTS\VISUAL STUDIO 2010\PROJECTS\ALLEGRIS 2\ALLEGRIS 2\DEBUG\BLOCKPARTGRAPHICS.OBJ
C:\USERS\DANEL\DOCUMENTS\VISUAL STUDIO 2010\PROJECTS\ALLEGRIS 2\ALLEGRIS 2\DEBUG\COORDINATE.OBJ
C:\USERS\DANEL\DOCUMENTS\VISUAL STUDIO 2010\PROJECTS\ALLEGRIS 2\ALLEGRIS 2\DEBUG\GAME.OBJ
C:\USERS\DANEL\DOCUMENTS\VISUAL STUDIO 2010\PROJECTS\ALLEGRIS 2\ALLEGRIS 2\DEBUG\GAMEMENU.OBJ
C:\USERS\DANEL\DOCUMENTS\VISUAL STUDIO 2010\PROJECTS\ALLEGRIS 2\ALLEGRIS 2\DEBUG\GAMEOBJECT.OBJ
C:\USERS\DANEL\DOCUMENTS\VISUAL STUDIO 2010\PROJECTS\ALLEGRIS 2\ALLEGRIS 2\DEBUG\GAMESTATE.OBJ
C:\USERS\DANEL\DOCUMENTS\VISUAL STUDIO 2010\PROJECTS\ALLEGRIS 2\ALLEGRIS 2\DEBUG\GAMEWINDOW.OBJ
C:\USERS\DANEL\DOCUMENTS\VISUAL STUDIO 2010\PROJECTS\ALLEGRIS 2\ALLEGRIS 2\DEBUG\GRAPHICSCOMPONENT.OBJ
C:\USERS\DANEL\DOCUMENTS\VISUAL STUDIO 2010\PROJECTS\ALLEGRIS 2\ALLEGRIS 2\DEBUG\HIGHSCORE.OBJ
C:\USERS\DANEL\DOCUMENTS\VISUAL STUDIO 2010\PROJECTS\ALLEGRIS 2\ALLEGRIS 2\DEBUG\MAIN.OBJ
C:\USERS\DANEL\DOCUMENTS\VISUAL STUDIO 2010\PROJECTS\ALLEGRIS 2\ALLEGRIS 2\DEBUG\OBJECTCOMPONENT.OBJ
C:\USERS\DANEL\DOCUMENTS\VISUAL STUDIO 2010\PROJECTS\ALLEGRIS 2\ALLEGRIS 2\DEBUG\PLAYER.OBJ
C:\USERS\DANEL\DOCUMENTS\VISUAL STUDIO 2010\PROJECTS\ALLEGRIS 2\ALLEGRIS 2\DEBUG\VC100.PDB
C:\USERS\DANEL\DOCUMENTS\VISUAL STUDIO 2010\PROJECTS\ALLEGRIS 2\DEBUG\ALLEGRIS 2.EXE
C:\USERS\DANEL\DOCUMENTS\VISUAL STUDIO 2010\PROJECTS\ALLEGRIS 2\DEBUG\ALLEGRIS 2.ILK
C:\USERS\DANEL\DOCUMENTS\VISUAL STUDIO 2010\PROJECTS\ALLEGRIS 2\DEBUG\ALLEGRIS 2.PDB
E:\DROPBOX\CODE\C++\ALLEGRIS 2\ALLEGRIS 2\DEBUG\ALLEGRIS 2.EXE.INTERMEDIATE.MANIFEST
E:\DROPBOX\CODE\C++\ALLEGRIS 2\ALLEGRIS 2\DEBUG\ALLEGRIS 2.RES
E:\DROPBOX\CODE\C++\ALLEGRIS 2\ALLEGRIS 2\DEBUG\ALLEGRIS.OBJ
E:\Dropbox\Code\C++\Allegris 2\Allegris 2\Debug\Block (In Konflikt stehende Kopie von Daniel Wilken 2012-06-21).obj
E:\DROPBOX\CODE\C++\ALLEGRIS 2\ALLEGRIS 2\DEBUG\BLOCK.OBJ
E:\DROPBOX\CODE\C++\ALLEGRIS 2\ALLEGRIS 2\DEBUG\BLOCK_I.OBJ
E:\DROPBOX\CODE\C++\ALLEGRIS 2\ALLEGRIS 2\DEBUG\BLOCK_L.OBJ
E:\DROPBOX\CODE\C++\ALLEGRIS 2\ALLEGRIS 2\DEBUG\BLOCK_L_MIRRORED.OBJ
E:\DROPBOX\CODE\C++\ALLEGRIS 2\ALLEGRIS 2\DEBUG\BLOCK_O.OBJ
E:\DROPBOX\CODE\C++\ALLEGRIS 2\ALLEGRIS 2\DEBUG\BLOCK_S.OBJ
E:\DROPBOX\CODE\C++\ALLEGRIS 2\ALLEGRIS 2\DEBUG\BLOCK_S_MIRRORED.OBJ
E:\DROPBOX\CODE\C++\ALLEGRIS 2\ALLEGRIS 2\DEBUG\BLOCK_T.OBJ
E:\DROPBOX\CODE\C++\ALLEGRIS 2\ALLEGRIS 2\DEBUG\BLOCKFACTORY.OBJ
E:\DROPBOX\CODE\C++\ALLEGRIS 2\ALLEGRIS 2\DEBUG\BLOCKLINE.OBJ
E:\DROPBOX\CODE\C++\ALLEGRIS 2\ALLEGRIS 2\DEBUG\BLOCKPART.OBJ
E:\Dropbox\Code\C++\Allegris 2\Allegris 2\Debug\BlockPartGraphics (In Konflikt stehende Kopie von Daniel Wilken 2012-06-21).obj
E:\DROPBOX\CODE\C++\ALLEGRIS 2\ALLEGRIS 2\DEBUG\BLOCKPARTGRAPHICS.OBJ
E:\DROPBOX\CODE\C++\ALLEGRIS 2\ALLEGRIS 2\DEBUG\BLOCKPARTGRAPHICS_BLUE.OBJ
E:\DROPBOX\CODE\C++\ALLEGRIS 2\ALLEGRIS 2\DEBUG\BLOCKPARTGRAPHICS_CYAN.OBJ
E:\DROPBOX\CODE\C++\ALLEGRIS 2\ALLEGRIS 2\DEBUG\BLOCKPARTGRAPHICS_GREEN.OBJ
E:\DROPBOX\CODE\C++\ALLEGRIS 2\ALLEGRIS 2\DEBUG\BLOCKPARTGRAPHICS_MAGENTA.OBJ
E:\DROPBOX\CODE\C++\ALLEGRIS 2\ALLEGRIS 2\DEBUG\BLOCKPARTGRAPHICS_RED.OBJ
E:\DROPBOX\CODE\C++\ALLEGRIS 2\ALLEGRIS 2\DEBUG\BLOCKPARTGRAPHICS_YELLOW.OBJ
E:\Dropbox\Code\C++\Allegris 2\Allegris 2\Debug\cl.command.1.tlog
E:\Dropbox\Code\C++\Allegris 2\Allegris 2\Debug\CL.read.1.tlog
E:\Dropbox\Code\C++\Allegris 2\Allegris 2\Debug\CL.write.1.tlog
E:\DROPBOX\CODE\C++\ALLEGRIS 2\ALLEGRIS 2\DEBUG\COORDINATE.OBJ
E:\DROPBOX\CODE\C++\ALLEGRIS 2\ALLEGRIS 2\DEBUG\GAME.OBJ
E:\DROPBOX\CODE\C++\ALLEGRIS 2\ALLEGRIS 2\DEBUG\GAMEMENU.OBJ
E:\DROPBOX\CODE\C++\ALLEGRIS 2\ALLEGRIS 2\DEBUG\GAMEOBJECT.OBJ
E:\DROPBOX\CODE\C++\ALLEGRIS 2\ALLEGRIS 2\DEBUG\GAMESTATE.OBJ
E:\DROPBOX\CODE\C++\ALLEGRIS 2\ALLEGRIS 2\DEBUG\GAMEWINDOW.OBJ
E:\DROPBOX\CODE\C++\ALLEGRIS 2\ALLEGRIS 2\DEBUG\GRAPHICSCOMPONENT.OBJ
E:\DROPBOX\CODE\C++\ALLEGRIS 2\ALLEGRIS 2\DEBUG\HIGHSCORE.OBJ
E:\Dropbox\Code\C++\Allegris 2\Allegris 2\Debug\link.command.1.tlog
E:\Dropbox\Code\C++\Allegris 2\Allegris 2\Debug\link.read.1.tlog
E:\Dropbox\Code\C++\Allegris 2\Allegris 2\Debug\link.write.1.tlog
E:\Dropbox\Code\C++\Allegris 2\Allegris 2\Debug\link-cvtres.read.1.tlog
E:\Dropbox\Code\C++\Allegris 2\Allegris 2\Debug\link-cvtres.write.1.tlog
E:\DROPBOX\CODE\C++\ALLEGRIS 2\ALLEGRIS 2\DEBUG\MAIN.OBJ
E:\Dropbox\Code\C++\Allegris 2\Allegris 2\Debug\mt.command.1.tlog
E:\Dropbox\Code\C++\Allegris 2\Allegris 2\Debug\mt.read.1.tlog
E:\Dropbox\Code\C++\Allegris 2\Allegris 2\Debug\mt.write.1.tlog
E:\DROPBOX\CODE\C++\ALLEGRIS 2\ALLEGRIS 2\DEBUG\OBJECTCOMPONENT.OBJ
E:\DROPBOX\CODE\C++\ALLEGRIS 2\ALLEGRIS 2\DEBUG\PLAYER.OBJ
E:\DROPBOX\CODE\C++\ALLEGRIS 2\ALLEGRIS 2\DEBUG\PLAYINGFIELD.OBJ
E:\Dropbox\Code\C++\Allegris 2\Allegris 2\Debug\rc.command.1.tlog
E:\Dropbox\Code\C++\Allegris 2\Allegris 2\Debug\rc.read.1.tlog
E:\Dropbox\Code\C++\Allegris 2\Allegris 2\Debug\rc.write.1.tlog
E:\Dropbox\Code\C++\Allegris 2\Allegris 2\Debug\vc100 (In Konflikt stehende Kopie von Daniel Wilken 2012-06-21).idb
E:\Dropbox\Code\C++\Allegris 2\Allegris 2\Debug\vc100 (In Konflikt stehende Kopie von Daniel Wilken 2012-06-21).pdb
E:\Dropbox\Code\C++\Allegris 2\Allegris 2\Debug\vc100.idb
E:\DROPBOX\CODE\C++\ALLEGRIS 2\ALLEGRIS 2\DEBUG\VC100.PDB
E:\DROPBOX\CODE\C++\ALLEGRIS 2\DEBUG\ALLEGRIS 2.EXE
E:\DROPBOX\CODE\C++\ALLEGRIS 2\DEBUG\ALLEGRIS 2.ILK
E:\DROPBOX\CODE\C++\ALLEGRIS 2\DEBUG\ALLEGRIS 2.PDB
F:\DROPBOX\DROPBOX\CODE\C++\ALLEGRIS 2\ALLEGRIS 2\DEBUG\BLOCK_I.OBJ
F:\DROPBOX\DROPBOX\CODE\C++\ALLEGRIS 2\ALLEGRIS 2\DEBUG\BLOCK_L.OBJ
F:\DROPBOX\DROPBOX\CODE\C++\ALLEGRIS 2\ALLEGRIS 2\DEBUG\BLOCK_L_MIRRORED.OBJ
F:\DROPBOX\DROPBOX\CODE\C++\ALLEGRIS 2\ALLEGRIS 2\DEBUG\BLOCK_O.OBJ
F:\DROPBOX\DROPBOX\CODE\C++\ALLEGRIS 2\ALLEGRIS 2\DEBUG\BLOCK_S.OBJ
F:\DROPBOX\DROPBOX\CODE\C++\ALLEGRIS 2\ALLEGRIS 2\DEBUG\BLOCK_S_MIRRORED.OBJ
F:\DROPBOX\DROPBOX\CODE\C++\ALLEGRIS 2\ALLEGRIS 2\DEBUG\BLOCKPART.OBJ
F:\DROPBOX\DROPBOX\CODE\C++\ALLEGRIS 2\ALLEGRIS 2\DEBUG\BLOCKPARTGRAPHICS.OBJ
F:\DROPBOX\DROPBOX\CODE\C++\ALLEGRIS 2\ALLEGRIS 2\DEBUG\COORDINATE.OBJ
F:\DROPBOX\DROPBOX\CODE\C++\ALLEGRIS 2\ALLEGRIS 2\DEBUG\GAME.OBJ
F:\DROPBOX\DROPBOX\CODE\C++\ALLEGRIS 2\ALLEGRIS 2\DEBUG\GAMEMENU.OBJ
F:\DROPBOX\DROPBOX\CODE\C++\ALLEGRIS 2\ALLEGRIS 2\DEBUG\GAMEOBJECT.OBJ
F:\DROPBOX\DROPBOX\CODE\C++\ALLEGRIS 2\ALLEGRIS 2\DEBUG\GAMESTATE.OBJ
F:\DROPBOX\DROPBOX\CODE\C++\ALLEGRIS 2\ALLEGRIS 2\DEBUG\GAMEWINDOW.OBJ
F:\DROPBOX\DROPBOX\CODE\C++\ALLEGRIS 2\ALLEGRIS 2\DEBUG\GRAPHICSCOMPONENT.OBJ
F:\DROPBOX\DROPBOX\CODE\C++\ALLEGRIS 2\ALLEGRIS 2\DEBUG\HIGHSCORE.OBJ
F:\DROPBOX\DROPBOX\CODE\C++\ALLEGRIS 2\ALLEGRIS 2\DEBUG\MAIN.OBJ
F:\DROPBOX\DROPBOX\CODE\C++\ALLEGRIS 2\ALLEGRIS 2\DEBUG\OBJECTCOMPONENT.OBJ
F:\DROPBOX\DROPBOX\CODE\C++\ALLEGRIS 2\ALLEGRIS 2\DEBUG\PLAYER.OBJ
F:\DROPBOX\DROPBOX\CODE\C++\ALLEGRIS 2\ALLEGRIS 2\DEBUG\PLAYINGFIELD.OBJ
F:\DROPBOX\DROPBOX\CODE\C++\ALLEGRIS 2\ALLEGRIS 2\DEBUG\VC100.PDB
