system   D            wsystem.c:633  _al_win_safe_load_library        [   0.00050] PathFindOnPath found: C:\Windows\system32\d3d9.dll
system   D            wsystem.c:544  load_library_at_path             [   0.00058] Calling LoadLibrary C:\Windows\system32\d3d9.dll
system   I            wsystem.c:547  load_library_at_path             [   0.00310] Loaded C:\Windows\system32\d3d9.dll
d3d      I         d3d_disp.cpp:879  _al_d3d_init_display             [   0.02325] Render-to-texture: 1
system   I             system.c:272  al_install_system                [   0.02328] Allegro version: 5.0.6
d3d      I         d3d_disp.cpp:1919 d3d_create_display_locked        [   0.02501] faux_fullscreen=0
display  D   display_settings.c:486  _al_score_display_settings       [   0.03773] Score is : 897
display  D   display_settings.c:486  _al_score_display_settings       [   0.03776] Score is : 897
display  D   display_settings.c:486  _al_score_display_settings       [   0.03777] Score is : 897
display  D   display_settings.c:486  _al_score_display_settings       [   0.03778] Score is : 897
display  D   display_settings.c:486  _al_score_display_settings       [   0.03780] Score is : 769
display  D   display_settings.c:486  _al_score_display_settings       [   0.03781] Score is : 737
display  D   display_settings.c:486  _al_score_display_settings       [   0.03782] Score is : 726
display  D   display_settings.c:486  _al_score_display_settings       [   0.03783] Score is : 769
display  D   display_settings.c:486  _al_score_display_settings       [   0.03784] Score is : 737
display  D   display_settings.c:486  _al_score_display_settings       [   0.03785] Score is : 726
display  D   display_settings.c:486  _al_score_display_settings       [   0.03786] Score is : 769
display  D   display_settings.c:486  _al_score_display_settings       [   0.03787] Score is : 737
display  D   display_settings.c:486  _al_score_display_settings       [   0.03788] Score is : 726
display  D   display_settings.c:486  _al_score_display_settings       [   0.03789] Score is : 769
display  D   display_settings.c:486  _al_score_display_settings       [   0.03791] Score is : 737
display  D   display_settings.c:486  _al_score_display_settings       [   0.03792] Score is : 726
display  D   display_settings.c:357  _al_score_display_settings       [   0.03793] Single Buffer requirement not met.
display  D   display_settings.c:357  _al_score_display_settings       [   0.03794] Single Buffer requirement not met.
display  D   display_settings.c:357  _al_score_display_settings       [   0.03795] Single Buffer requirement not met.
display  D   display_settings.c:357  _al_score_display_settings       [   0.03796] Single Buffer requirement not met.
display  D   display_settings.c:357  _al_score_display_settings       [   0.03797] Single Buffer requirement not met.
display  D   display_settings.c:357  _al_score_display_settings       [   0.03798] Single Buffer requirement not met.
display  D   display_settings.c:357  _al_score_display_settings       [   0.03799] Single Buffer requirement not met.
display  D   display_settings.c:357  _al_score_display_settings       [   0.03801] Single Buffer requirement not met.
display  D   display_settings.c:357  _al_score_display_settings       [   0.03802] Single Buffer requirement not met.
display  D   display_settings.c:357  _al_score_display_settings       [   0.03803] Single Buffer requirement not met.
display  D   display_settings.c:357  _al_score_display_settings       [   0.03804] Single Buffer requirement not met.
display  D   display_settings.c:357  _al_score_display_settings       [   0.03805] Single Buffer requirement not met.
display  D   display_settings.c:357  _al_score_display_settings       [   0.03806] Single Buffer requirement not met.
display  D   display_settings.c:357  _al_score_display_settings       [   0.03807] Single Buffer requirement not met.
display  D   display_settings.c:357  _al_score_display_settings       [   0.03808] Single Buffer requirement not met.
display  D   display_settings.c:357  _al_score_display_settings       [   0.03809] Single Buffer requirement not met.
display  D   display_settings.c:486  _al_score_display_settings       [   0.03815] Score is : 769
display  D   display_settings.c:486  _al_score_display_settings       [   0.03816] Score is : 769
display  D   display_settings.c:486  _al_score_display_settings       [   0.03817] Score is : 769
display  D   display_settings.c:486  _al_score_display_settings       [   0.03818] Score is : 769
display  D   display_settings.c:486  _al_score_display_settings       [   0.03819] Score is : 769
display  D   display_settings.c:486  _al_score_display_settings       [   0.03821] Score is : 641
display  D   display_settings.c:486  _al_score_display_settings       [   0.03822] Score is : 609
display  D   display_settings.c:486  _al_score_display_settings       [   0.03823] Score is : 598
display  D   display_settings.c:486  _al_score_display_settings       [   0.03824] Score is : 641
display  D   display_settings.c:486  _al_score_display_settings       [   0.03825] Score is : 609
display  D   display_settings.c:486  _al_score_display_settings       [   0.03826] Score is : 598
display  D   display_settings.c:486  _al_score_display_settings       [   0.03827] Score is : 641
display  D   display_settings.c:486  _al_score_display_settings       [   0.03828] Score is : 609
display  D   display_settings.c:486  _al_score_display_settings       [   0.03829] Score is : 598
display  D   display_settings.c:486  _al_score_display_settings       [   0.03830] Score is : 641
display  D   display_settings.c:486  _al_score_display_settings       [   0.03832] Score is : 609
display  D   display_settings.c:486  _al_score_display_settings       [   0.03833] Score is : 598
display  D   display_settings.c:486  _al_score_display_settings       [   0.03835] Score is : 641
display  D   display_settings.c:486  _al_score_display_settings       [   0.03836] Score is : 609
display  D   display_settings.c:486  _al_score_display_settings       [   0.03837] Score is : 598
display  D   display_settings.c:357  _al_score_display_settings       [   0.03839] Single Buffer requirement not met.
display  D   display_settings.c:357  _al_score_display_settings       [   0.03840] Single Buffer requirement not met.
display  D   display_settings.c:357  _al_score_display_settings       [   0.03841] Single Buffer requirement not met.
display  D   display_settings.c:357  _al_score_display_settings       [   0.03843] Single Buffer requirement not met.
display  D   display_settings.c:357  _al_score_display_settings       [   0.03844] Single Buffer requirement not met.
display  D   display_settings.c:357  _al_score_display_settings       [   0.03845] Single Buffer requirement not met.
display  D   display_settings.c:357  _al_score_display_settings       [   0.03847] Single Buffer requirement not met.
display  D   display_settings.c:357  _al_score_display_settings       [   0.03848] Single Buffer requirement not met.
display  D   display_settings.c:357  _al_score_display_settings       [   0.03849] Single Buffer requirement not met.
display  D   display_settings.c:357  _al_score_display_settings       [   0.03851] Single Buffer requirement not met.
display  D   display_settings.c:357  _al_score_display_settings       [   0.03852] Single Buffer requirement not met.
display  D   display_settings.c:357  _al_score_display_settings       [   0.03854] Single Buffer requirement not met.
display  D   display_settings.c:357  _al_score_display_settings       [   0.03855] Single Buffer requirement not met.
display  D   display_settings.c:357  _al_score_display_settings       [   0.03856] Single Buffer requirement not met.
display  D   display_settings.c:357  _al_score_display_settings       [   0.03858] Single Buffer requirement not met.
display  D   display_settings.c:357  _al_score_display_settings       [   0.03859] Single Buffer requirement not met.
display  D   display_settings.c:357  _al_score_display_settings       [   0.03860] Single Buffer requirement not met.
display  D   display_settings.c:357  _al_score_display_settings       [   0.03862] Single Buffer requirement not met.
display  D   display_settings.c:357  _al_score_display_settings       [   0.03863] Single Buffer requirement not met.
display  D   display_settings.c:357  _al_score_display_settings       [   0.03865] Single Buffer requirement not met.
display  D   display_settings.c:486  _al_score_display_settings       [   0.03866] Score is : 897
display  D   display_settings.c:486  _al_score_display_settings       [   0.03867] Score is : 897
display  D   display_settings.c:486  _al_score_display_settings       [   0.03869] Score is : 897
display  D   display_settings.c:486  _al_score_display_settings       [   0.03870] Score is : 897
display  D   display_settings.c:486  _al_score_display_settings       [   0.03871] Score is : 897
display  D   display_settings.c:486  _al_score_display_settings       [   0.03872] Score is : 897
display  D   display_settings.c:486  _al_score_display_settings       [   0.03873] Score is : 897
display  D   display_settings.c:486  _al_score_display_settings       [   0.03874] Score is : 769
display  D   display_settings.c:486  _al_score_display_settings       [   0.03875] Score is : 737
display  D   display_settings.c:486  _al_score_display_settings       [   0.03876] Score is : 726
display  D   display_settings.c:486  _al_score_display_settings       [   0.03878] Score is : 769
display  D   display_settings.c:486  _al_score_display_settings       [   0.03879] Score is : 737
display  D   display_settings.c:486  _al_score_display_settings       [   0.03880] Score is : 726
display  D   display_settings.c:486  _al_score_display_settings       [   0.03881] Score is : 769
display  D   display_settings.c:486  _al_score_display_settings       [   0.03882] Score is : 737
display  D   display_settings.c:486  _al_score_display_settings       [   0.03883] Score is : 726
display  D   display_settings.c:486  _al_score_display_settings       [   0.03884] Score is : 769
display  D   display_settings.c:486  _al_score_display_settings       [   0.03885] Score is : 737
display  D   display_settings.c:486  _al_score_display_settings       [   0.03886] Score is : 726
display  D   display_settings.c:486  _al_score_display_settings       [   0.03888] Score is : 769
display  D   display_settings.c:486  _al_score_display_settings       [   0.03889] Score is : 737
display  D   display_settings.c:486  _al_score_display_settings       [   0.03890] Score is : 726
display  D   display_settings.c:486  _al_score_display_settings       [   0.03891] Score is : 769
display  D   display_settings.c:486  _al_score_display_settings       [   0.03892] Score is : 737
display  D   display_settings.c:486  _al_score_display_settings       [   0.03893] Score is : 726
display  D   display_settings.c:486  _al_score_display_settings       [   0.03894] Score is : 769
display  D   display_settings.c:486  _al_score_display_settings       [   0.03895] Score is : 737
display  D   display_settings.c:486  _al_score_display_settings       [   0.03896] Score is : 726
display  D   display_settings.c:357  _al_score_display_settings       [   0.03897] Single Buffer requirement not met.
display  D   display_settings.c:357  _al_score_display_settings       [   0.03899] Single Buffer requirement not met.
display  D   display_settings.c:357  _al_score_display_settings       [   0.03900] Single Buffer requirement not met.
display  D   display_settings.c:357  _al_score_display_settings       [   0.03901] Single Buffer requirement not met.
display  D   display_settings.c:357  _al_score_display_settings       [   0.03902] Single Buffer requirement not met.
display  D   display_settings.c:357  _al_score_display_settings       [   0.03903] Single Buffer requirement not met.
display  D   display_settings.c:357  _al_score_display_settings       [   0.03904] Single Buffer requirement not met.
display  D   display_settings.c:357  _al_score_display_settings       [   0.03906] Single Buffer requirement not met.
display  D   display_settings.c:357  _al_score_display_settings       [   0.03907] Single Buffer requirement not met.
display  D   display_settings.c:357  _al_score_display_settings       [   0.03908] Single Buffer requirement not met.
display  D   display_settings.c:357  _al_score_display_settings       [   0.03909] Single Buffer requirement not met.
display  D   display_settings.c:357  _al_score_display_settings       [   0.03910] Single Buffer requirement not met.
display  D   display_settings.c:357  _al_score_display_settings       [   0.03911] Single Buffer requirement not met.
display  D   display_settings.c:357  _al_score_display_settings       [   0.03913] Single Buffer requirement not met.
display  D   display_settings.c:357  _al_score_display_settings       [   0.03914] Single Buffer requirement not met.
display  D   display_settings.c:357  _al_score_display_settings       [   0.03915] Single Buffer requirement not met.
display  D   display_settings.c:357  _al_score_display_settings       [   0.03916] Single Buffer requirement not met.
display  D   display_settings.c:357  _al_score_display_settings       [   0.03917] Single Buffer requirement not met.
display  D   display_settings.c:357  _al_score_display_settings       [   0.03918] Single Buffer requirement not met.
display  D   display_settings.c:357  _al_score_display_settings       [   0.03919] Single Buffer requirement not met.
display  D   display_settings.c:357  _al_score_display_settings       [   0.03921] Single Buffer requirement not met.
display  D   display_settings.c:357  _al_score_display_settings       [   0.03922] Single Buffer requirement not met.
display  D   display_settings.c:357  _al_score_display_settings       [   0.03923] Single Buffer requirement not met.
display  D   display_settings.c:357  _al_score_display_settings       [   0.03924] Single Buffer requirement not met.
display  D   display_settings.c:357  _al_score_display_settings       [   0.03925] Single Buffer requirement not met.
display  D   display_settings.c:357  _al_score_display_settings       [   0.03926] Single Buffer requirement not met.
display  D   display_settings.c:357  _al_score_display_settings       [   0.03927] Single Buffer requirement not met.
display  D   display_settings.c:357  _al_score_display_settings       [   0.03929] Single Buffer requirement not met.
display  D   display_settings.c:486  _al_score_display_settings       [   0.03930] Score is : 769
display  D   display_settings.c:486  _al_score_display_settings       [   0.03931] Score is : 769
display  D   display_settings.c:486  _al_score_display_settings       [   0.03933] Score is : 769
display  D   display_settings.c:486  _al_score_display_settings       [   0.03934] Score is : 769
display  D   display_settings.c:486  _al_score_display_settings       [   0.03936] Score is : 769
display  D   display_settings.c:486  _al_score_display_settings       [   0.03937] Score is : 769
display  D   display_settings.c:486  _al_score_display_settings       [   0.03938] Score is : 769
display  D   display_settings.c:486  _al_score_display_settings       [   0.03940] Score is : 641
display  D   display_settings.c:486  _al_score_display_settings       [   0.03941] Score is : 609
display  D   display_settings.c:486  _al_score_display_settings       [   0.03942] Score is : 598
display  D   display_settings.c:486  _al_score_display_settings       [   0.03943] Score is : 641
display  D   display_settings.c:486  _al_score_display_settings       [   0.03945] Score is : 609
display  D   display_settings.c:486  _al_score_display_settings       [   0.03946] Score is : 598
display  D   display_settings.c:486  _al_score_display_settings       [   0.03947] Score is : 641
display  D   display_settings.c:486  _al_score_display_settings       [   0.03949] Score is : 609
display  D   display_settings.c:486  _al_score_display_settings       [   0.03950] Score is : 598
display  D   display_settings.c:486  _al_score_display_settings       [   0.03951] Score is : 641
display  D   display_settings.c:486  _al_score_display_settings       [   0.03952] Score is : 609
display  D   display_settings.c:486  _al_score_display_settings       [   0.03956] Score is : 598
display  D   display_settings.c:486  _al_score_display_settings       [   0.03957] Score is : 641
display  D   display_settings.c:486  _al_score_display_settings       [   0.03958] Score is : 609
display  D   display_settings.c:486  _al_score_display_settings       [   0.03960] Score is : 598
display  D   display_settings.c:486  _al_score_display_settings       [   0.03961] Score is : 641
display  D   display_settings.c:486  _al_score_display_settings       [   0.03962] Score is : 609
display  D   display_settings.c:486  _al_score_display_settings       [   0.03964] Score is : 598
display  D   display_settings.c:486  _al_score_display_settings       [   0.03965] Score is : 641
display  D   display_settings.c:486  _al_score_display_settings       [   0.03966] Score is : 609
display  D   display_settings.c:486  _al_score_display_settings       [   0.03967] Score is : 598
display  D   display_settings.c:357  _al_score_display_settings       [   0.03969] Single Buffer requirement not met.
display  D   display_settings.c:357  _al_score_display_settings       [   0.03971] Single Buffer requirement not met.
display  D   display_settings.c:357  _al_score_display_settings       [   0.03972] Single Buffer requirement not met.
display  D   display_settings.c:357  _al_score_display_settings       [   0.03973] Single Buffer requirement not met.
display  D   display_settings.c:357  _al_score_display_settings       [   0.03975] Single Buffer requirement not met.
display  D   display_settings.c:357  _al_score_display_settings       [   0.03976] Single Buffer requirement not met.
display  D   display_settings.c:357  _al_score_display_settings       [   0.03977] Single Buffer requirement not met.
display  D   display_settings.c:357  _al_score_display_settings       [   0.03978] Single Buffer requirement not met.
display  D   display_settings.c:357  _al_score_display_settings       [   0.03979] Single Buffer requirement not met.
display  D   display_settings.c:357  _al_score_display_settings       [   0.03980] Single Buffer requirement not met.
display  D   display_settings.c:357  _al_score_display_settings       [   0.03982] Single Buffer requirement not met.
display  D   display_settings.c:357  _al_score_display_settings       [   0.03983] Single Buffer requirement not met.
display  D   display_settings.c:357  _al_score_display_settings       [   0.03984] Single Buffer requirement not met.
display  D   display_settings.c:357  _al_score_display_settings       [   0.03985] Single Buffer requirement not met.
display  D   display_settings.c:357  _al_score_display_settings       [   0.03986] Single Buffer requirement not met.
display  D   display_settings.c:357  _al_score_display_settings       [   0.03987] Single Buffer requirement not met.
display  D   display_settings.c:357  _al_score_display_settings       [   0.03989] Single Buffer requirement not met.
display  D   display_settings.c:357  _al_score_display_settings       [   0.03990] Single Buffer requirement not met.
display  D   display_settings.c:357  _al_score_display_settings       [   0.03991] Single Buffer requirement not met.
display  D   display_settings.c:357  _al_score_display_settings       [   0.03992] Single Buffer requirement not met.
display  D   display_settings.c:357  _al_score_display_settings       [   0.03993] Single Buffer requirement not met.
display  D   display_settings.c:357  _al_score_display_settings       [   0.03994] Single Buffer requirement not met.
display  D   display_settings.c:357  _al_score_display_settings       [   0.03996] Single Buffer requirement not met.
display  D   display_settings.c:357  _al_score_display_settings       [   0.03997] Single Buffer requirement not met.
display  D   display_settings.c:357  _al_score_display_settings       [   0.03998] Single Buffer requirement not met.
display  D   display_settings.c:357  _al_score_display_settings       [   0.03999] Single Buffer requirement not met.
display  D   display_settings.c:357  _al_score_display_settings       [   0.04000] Single Buffer requirement not met.
display  D   display_settings.c:357  _al_score_display_settings       [   0.04002] Single Buffer requirement not met.
display  D   display_settings.c:197  _al_score_display_settings       [   0.04003] Display not compatible with Allegro.
display  D   display_settings.c:197  _al_score_display_settings       [   0.04004] Display not compatible with Allegro.
display  D   display_settings.c:197  _al_score_display_settings       [   0.04005] Display not compatible with Allegro.
display  D   display_settings.c:197  _al_score_display_settings       [   0.04006] Display not compatible with Allegro.
d3d      D         d3d_disp.cpp:1836 d3d_create_display_internals     [   0.04011] Trying format 0 of 188.
d3d      I         d3d_disp.cpp:1514 d3d_display_thread_proc          [   0.04053] Chose a display format: 23
d3d      I         d3d_disp.cpp:1583 d3d_display_thread_proc          [   0.04056] Normal window.
d3d      I         d3d_disp.cpp:978  d3d_create_device                [   0.04891] Using no depth stencil buffer
d3d      D         d3d_disp.cpp:1058 d3d_create_device                [   0.11024] BeginScene succeeded in create_device
d3d      D         d3d_disp.cpp:1066 d3d_create_device                [   0.11027] Success
d3d      D         d3d_disp.cpp:1859 d3d_create_display_internals     [   0.11034] Resumed after wait.
d3d      I         d3d_disp.cpp:1884 d3d_create_display_internals     [   0.11042] Format 0 succeeded.
dtor     D               dtor.c:184  _al_register_destructor          [   0.11217] added dtor for object 005B2F78, func 68562711
dtor     D               dtor.c:184  _al_register_destructor          [   0.11221] added dtor for object 005B3048, func 68562711
dtor     D               dtor.c:184  _al_register_destructor          [   0.11223] added dtor for object 010C99C0, func 68561951
dtor     D               dtor.c:184  _al_register_destructor          [   0.11279] added dtor for object 005B34C8, func 68561951
d3d      D         d3d_disp.cpp:1354 real_choose_bitmap_format        [   0.11380] Fake format
d3d      D         d3d_disp.cpp:1354 real_choose_bitmap_format        [   0.11382] Fake format
d3d      D         d3d_disp.cpp:1354 real_choose_bitmap_format        [   0.11383] Fake format
d3d      D         d3d_disp.cpp:1354 real_choose_bitmap_format        [   0.11385] Fake format
d3d      D         d3d_disp.cpp:1354 real_choose_bitmap_format        [   0.11386] Fake format
d3d      D         d3d_disp.cpp:1354 real_choose_bitmap_format        [   0.11387] Fake format
d3d      D         d3d_disp.cpp:1354 real_choose_bitmap_format        [   0.11388] Fake format
d3d      D         d3d_disp.cpp:1354 real_choose_bitmap_format        [   0.11389] Fake format
d3d      D         d3d_disp.cpp:1354 real_choose_bitmap_format        [   0.11391] Fake format
d3d      D         d3d_disp.cpp:1362 real_choose_bitmap_format        [   0.11392] Alpha doesn't match
d3d      D         d3d_disp.cpp:1369 real_choose_bitmap_format        [   0.11393] Adapter format is 23
d3d      D         d3d_disp.cpp:1372 real_choose_bitmap_format        [   0.11395] Found a format
d3d      I         d3d_disp.cpp:2446 _al_d3d_create_bitmap            [   0.11397] Chose bitmap format 9
dtor     D               dtor.c:184  _al_register_destructor          [   0.11411] added dtor for object 005B7968, func 685627D4
d3d      D          d3d_bmp.cpp:457  _al_d3d_sync_bitmap              [   0.11565] _al_d3d_sync_bitmap (system) ref count == 1
d3d      D          d3d_bmp.cpp:462  _al_d3d_sync_bitmap              [   0.11568] _al_d3d_sync_bitmap (video) ref count == 1
d3d      D         d3d_disp.cpp:1354 real_choose_bitmap_format        [   0.11594] Fake format
d3d      D         d3d_disp.cpp:1354 real_choose_bitmap_format        [   0.11596] Fake format
d3d      D         d3d_disp.cpp:1354 real_choose_bitmap_format        [   0.11597] Fake format
d3d      D         d3d_disp.cpp:1354 real_choose_bitmap_format        [   0.11599] Fake format
d3d      D         d3d_disp.cpp:1354 real_choose_bitmap_format        [   0.11600] Fake format
d3d      D         d3d_disp.cpp:1354 real_choose_bitmap_format        [   0.11602] Fake format
d3d      D         d3d_disp.cpp:1354 real_choose_bitmap_format        [   0.11603] Fake format
d3d      D         d3d_disp.cpp:1354 real_choose_bitmap_format        [   0.11604] Fake format
d3d      D         d3d_disp.cpp:1354 real_choose_bitmap_format        [   0.11605] Fake format
d3d      D         d3d_disp.cpp:1362 real_choose_bitmap_format        [   0.11607] Alpha doesn't match
d3d      D         d3d_disp.cpp:1369 real_choose_bitmap_format        [   0.11608] Adapter format is 23
d3d      D         d3d_disp.cpp:1372 real_choose_bitmap_format        [   0.11609] Found a format
d3d      I         d3d_disp.cpp:2446 _al_d3d_create_bitmap            [   0.11611] Chose bitmap format 9
dtor     D               dtor.c:184  _al_register_destructor          [   0.11624] added dtor for object 005B80D8, func 685627D4
d3d      D          d3d_bmp.cpp:457  _al_d3d_sync_bitmap              [   0.11781] _al_d3d_sync_bitmap (system) ref count == 1
d3d      D          d3d_bmp.cpp:462  _al_d3d_sync_bitmap              [   0.11784] _al_d3d_sync_bitmap (video) ref count == 1
d3d      D         d3d_disp.cpp:1354 real_choose_bitmap_format        [   0.11806] Fake format
d3d      D         d3d_disp.cpp:1354 real_choose_bitmap_format        [   0.11807] Fake format
d3d      D         d3d_disp.cpp:1354 real_choose_bitmap_format        [   0.11808] Fake format
d3d      D         d3d_disp.cpp:1354 real_choose_bitmap_format        [   0.11810] Fake format
d3d      D         d3d_disp.cpp:1354 real_choose_bitmap_format        [   0.11811] Fake format
d3d      D         d3d_disp.cpp:1354 real_choose_bitmap_format        [   0.11812] Fake format
d3d      D         d3d_disp.cpp:1354 real_choose_bitmap_format        [   0.11813] Fake format
d3d      D         d3d_disp.cpp:1354 real_choose_bitmap_format        [   0.11814] Fake format
d3d      D         d3d_disp.cpp:1354 real_choose_bitmap_format        [   0.11815] Fake format
d3d      D         d3d_disp.cpp:1362 real_choose_bitmap_format        [   0.11817] Alpha doesn't match
d3d      D         d3d_disp.cpp:1369 real_choose_bitmap_format        [   0.11818] Adapter format is 23
d3d      D         d3d_disp.cpp:1372 real_choose_bitmap_format        [   0.11819] Found a format
d3d      I         d3d_disp.cpp:2446 _al_d3d_create_bitmap            [   0.11821] Chose bitmap format 9
dtor     D               dtor.c:184  _al_register_destructor          [   0.11835] added dtor for object 005B8888, func 685627D4
d3d      D          d3d_bmp.cpp:457  _al_d3d_sync_bitmap              [   0.11960] _al_d3d_sync_bitmap (system) ref count == 1
d3d      D          d3d_bmp.cpp:462  _al_d3d_sync_bitmap              [   0.11962] _al_d3d_sync_bitmap (video) ref count == 1
d3d      D         d3d_disp.cpp:1354 real_choose_bitmap_format        [   0.11983] Fake format
d3d      D         d3d_disp.cpp:1354 real_choose_bitmap_format        [   0.11984] Fake format
d3d      D         d3d_disp.cpp:1354 real_choose_bitmap_format        [   0.11985] Fake format
d3d      D         d3d_disp.cpp:1354 real_choose_bitmap_format        [   0.11987] Fake format
d3d      D         d3d_disp.cpp:1354 real_choose_bitmap_format        [   0.11988] Fake format
d3d      D         d3d_disp.cpp:1354 real_choose_bitmap_format        [   0.11989] Fake format
d3d      D         d3d_disp.cpp:1354 real_choose_bitmap_format        [   0.11990] Fake format
d3d      D         d3d_disp.cpp:1354 real_choose_bitmap_format        [   0.11991] Fake format
d3d      D         d3d_disp.cpp:1354 real_choose_bitmap_format        [   0.11993] Fake format
d3d      D         d3d_disp.cpp:1362 real_choose_bitmap_format        [   0.11994] Alpha doesn't match
d3d      D         d3d_disp.cpp:1369 real_choose_bitmap_format        [   0.11995] Adapter format is 23
d3d      D         d3d_disp.cpp:1372 real_choose_bitmap_format        [   0.11997] Found a format
d3d      I         d3d_disp.cpp:2446 _al_d3d_create_bitmap            [   0.11998] Chose bitmap format 9
dtor     D               dtor.c:184  _al_register_destructor          [   0.12010] added dtor for object 005BA0A8, func 685627D4
d3d      D          d3d_bmp.cpp:457  _al_d3d_sync_bitmap              [   0.12137] _al_d3d_sync_bitmap (system) ref count == 1
d3d      D          d3d_bmp.cpp:462  _al_d3d_sync_bitmap              [   0.12140] _al_d3d_sync_bitmap (video) ref count == 1
dtor     D               dtor.c:184  _al_register_destructor          [   0.12153] added dtor for object 005B9078, func 68562711
dtor     D               dtor.c:184  _al_register_destructor          [   0.12155] added dtor for object 005B91F8, func 68562711
d3d      D          d3d_bmp.cpp:457  _al_d3d_sync_bitmap              [   0.14990] _al_d3d_sync_bitmap (system) ref count == 1
d3d      D          d3d_bmp.cpp:462  _al_d3d_sync_bitmap              [   0.14996] _al_d3d_sync_bitmap (video) ref count == 1
d3d      D          d3d_bmp.cpp:457  _al_d3d_sync_bitmap              [   0.15023] _al_d3d_sync_bitmap (system) ref count == 1
d3d      D          d3d_bmp.cpp:462  _al_d3d_sync_bitmap              [   0.15025] _al_d3d_sync_bitmap (video) ref count == 1
d3d      D          d3d_bmp.cpp:457  _al_d3d_sync_bitmap              [   0.15044] _al_d3d_sync_bitmap (system) ref count == 1
d3d      D          d3d_bmp.cpp:462  _al_d3d_sync_bitmap              [   0.15046] _al_d3d_sync_bitmap (video) ref count == 1
d3d      D          d3d_bmp.cpp:457  _al_d3d_sync_bitmap              [   0.15063] _al_d3d_sync_bitmap (system) ref count == 1
d3d      D          d3d_bmp.cpp:462  _al_d3d_sync_bitmap              [   0.15065] _al_d3d_sync_bitmap (video) ref count == 1
dtor     D               dtor.c:214  _al_unregister_destructor        [   7.94127] removed dtor for object 005B2F78
dtor     D               dtor.c:214  _al_unregister_destructor        [   7.94131] removed dtor for object 005B3048
bitmap   D             bitmap.c:864  _al_convert_to_memory_bitmap     [   7.94135] converting display bitmap 005BA0A8 to memory bitmap
d3d      D          d3d_bmp.cpp:457  _al_d3d_sync_bitmap              [   7.94164] _al_d3d_sync_bitmap (system) ref count == 1
d3d      D          d3d_bmp.cpp:462  _al_d3d_sync_bitmap              [   7.94166] _al_d3d_sync_bitmap (video) ref count == 1
bitmap   D             bitmap.c:864  _al_convert_to_memory_bitmap     [   7.94175] converting display bitmap 005B8888 to memory bitmap
d3d      D          d3d_bmp.cpp:457  _al_d3d_sync_bitmap              [   7.94202] _al_d3d_sync_bitmap (system) ref count == 1
d3d      D          d3d_bmp.cpp:462  _al_d3d_sync_bitmap              [   7.94203] _al_d3d_sync_bitmap (video) ref count == 1
bitmap   D             bitmap.c:864  _al_convert_to_memory_bitmap     [   7.94212] converting display bitmap 005B80D8 to memory bitmap
d3d      D          d3d_bmp.cpp:457  _al_d3d_sync_bitmap              [   7.94234] _al_d3d_sync_bitmap (system) ref count == 1
d3d      D          d3d_bmp.cpp:462  _al_d3d_sync_bitmap              [   7.94236] _al_d3d_sync_bitmap (video) ref count == 1
bitmap   D             bitmap.c:864  _al_convert_to_memory_bitmap     [   7.94244] converting display bitmap 005B7968 to memory bitmap
d3d      D          d3d_bmp.cpp:457  _al_d3d_sync_bitmap              [   7.94265] _al_d3d_sync_bitmap (system) ref count == 1
d3d      D          d3d_bmp.cpp:462  _al_d3d_sync_bitmap              [   7.94266] _al_d3d_sync_bitmap (video) ref count == 1
d3d      W         d3d_disp.cpp:798  d3d_destroy_device               [   7.94644] d3d_destroy_device: ref count not 0
d3d      I         d3d_disp.cpp:1705 d3d_display_thread_proc          [   7.97261] d3d display thread exits
dtor     D               dtor.c:214  _al_unregister_destructor        [   7.97280] removed dtor for object 010C99C0
dtor     D               dtor.c:214  _al_unregister_destructor        [   7.97289] removed dtor for object 005B34C8
dtor     D               dtor.c:214  _al_unregister_destructor        [   7.97693] removed dtor for object 005B9078
dtor     D               dtor.c:114  _al_run_destructors              [   7.97696] calling dtor for object 005B91F8, func 68562711
dtor     D               dtor.c:214  _al_unregister_destructor        [   7.97698] removed dtor for object 005B91F8
dtor     D               dtor.c:114  _al_run_destructors              [   7.97700] calling dtor for object 005BA0A8, func 685627D4
dtor     D               dtor.c:214  _al_unregister_destructor        [   7.97701] removed dtor for object 005BA0A8
dtor     D               dtor.c:114  _al_run_destructors              [   7.97703] calling dtor for object 005B8888, func 685627D4
dtor     D               dtor.c:214  _al_unregister_destructor        [   7.97704] removed dtor for object 005B8888
dtor     D               dtor.c:114  _al_run_destructors              [   7.97706] calling dtor for object 005B80D8, func 685627D4
dtor     D               dtor.c:214  _al_unregister_destructor        [   7.97707] removed dtor for object 005B80D8
dtor     D               dtor.c:114  _al_run_destructors              [   7.97709] calling dtor for object 005B7968, func 685627D4
dtor     D               dtor.c:214  _al_unregister_destructor        [   7.97710] removed dtor for object 005B7968
